<?xml version="1.0" encoding="UTF-8"?>
<testsuite name="Automation Demo Site" tests="1" skipped="0" failures="1" errors="0" timestamp="2021-12-16T05:57:36" hostname="DESKTOP-R1B28CI" time="32.536">
  <properties/>
  <testcase name="EMPTY_NAME" classname="Automation Demo Site" time="32.536">
    <failure message="java.lang.AssertionError: Cannot locate an element using css selector=Verify step&#10;For documentation on this error, please visit: https://www.seleniumhq.org/exceptions/no_such_element.html&#10;Build info: version: '3.141.59', revision: 'e82be7d358', time: '2018-11-14T08:17:03'&#10;System info: host: 'DESKTOP-R1B28CI', ip: '192.168.0.9', os.name: 'Windows 10', os.arch: 'amd64', os.version: '10.0', java.version: '1.8.0_202'&#10;Driver info: driver.version: RemoteWebDriver" type="java.lang.AssertionError">java.lang.AssertionError: Cannot locate an element using css selector=Verify step
For documentation on this error, please visit: https://www.seleniumhq.org/exceptions/no_such_element.html
Build info: version: '3.141.59', revision: 'e82be7d358', time: '2018-11-14T08:17:03'
System info: host: 'DESKTOP-R1B28CI', ip: '192.168.0.9', os.name: 'Windows 10', os.arch: 'amd64', os.version: '10.0', java.version: '1.8.0_202'
Driver info: driver.version: RemoteWebDriver
	at net.serenitybdd.screenplay.ErrorTally.throwSummaryExceptionFrom(ErrorTally.java:36)
	at net.serenitybdd.screenplay.ErrorTally.reportAnyErrors(ErrorTally.java:30)
	at net.serenitybdd.screenplay.Actor.should(Actor.java:301)
	at co.com.choucair.retotecnico.stepdefinitions.RetoTecnicoStepDefinition.completeAllTheField(RetoTecnicoStepDefinition.java:35)
	at ✽.complete all the field(src/test/resources/feature/retoTecnico.feature:10)
</failure>
  </testcase>
  <system-out><![CDATA[]]></system-out>
  <system-err><![CDATA[[Test worker] WARN net.thucydides.core.steps.BaseStepListener - stepStarted: net.thucydides.core.steps.ExecutedStepDescription@1b205afb
[Test worker] WARN net.thucydides.core.steps.BaseStepListener - stepStarted: net.thucydides.core.steps.ExecutedStepDescription@1da15d32
[Test worker] WARN net.thucydides.core.steps.BaseStepListener - stepStarted: net.thucydides.core.steps.ExecutedStepDescription@22879fe6
Dec 16, 2021 12:57:37 AM org.openqa.selenium.remote.DesiredCapabilities chrome
INFO: Using `new ChromeOptions()` is preferred to `DesiredCapabilities.chrome()`
[Test worker] INFO net.serenitybdd.core.webdriver.driverproviders.ProvideNewDriver - Instantiating driver
[Test worker] INFO net.serenitybdd.core.webdriver.driverproviders.ProvideNewDriver - Driver capabilities: Capabilities {acceptInsecureCerts: false, browserName: chrome, chrome.switches: --start-maximized, goog:chromeOptions: {args: [--start-maximized], extensions: []}, loggingPrefs: org.openqa.selenium.logging..., platform: ANY, version: }
Starting ChromeDriver 96.0.4664.45 (76e4c1bb2ab4671b8beba3444e61c0f17584b2fc-refs/branch-heads/4664@{#947}) on port 1258
Only local connections are allowed.
Please see https://chromedriver.chromium.org/security-considerations for suggestions on keeping ChromeDriver safe.
ChromeDriver was started successfully.
Dec 16, 2021 12:57:41 AM org.openqa.selenium.remote.ProtocolHandshake createSession
INFO: Detected dialect: W3C
[Test worker] WARN net.thucydides.core.steps.BaseStepListener - stepFinished: current outcome::Given than Yaiseth wants to registration in the Automation Demo Site page [Yaiseth open up [Yaiseth opens the Automation demo site page]]
[Test worker] WARN net.thucydides.core.steps.BaseStepListener - stepFinished: current outcome::Given than Yaiseth wants to registration in the Automation Demo Site page [Yaiseth open up [Yaiseth opens the Automation demo site page]]
[Test worker] WARN net.thucydides.core.steps.BaseStepListener - stepFinished: current outcome::Given than Yaiseth wants to registration in the Automation Demo Site page [Yaiseth open up [Yaiseth opens the Automation demo site page]]
[Test worker] WARN net.thucydides.core.steps.BaseStepListener - stepStarted: net.thucydides.core.steps.ExecutedStepDescription@6aa8b564
[Test worker] WARN net.thucydides.core.steps.BaseStepListener - stepStarted: net.thucydides.core.steps.ExecutedStepDescription@51b4f8e7
[Test worker] WARN net.thucydides.core.steps.BaseStepListener - stepStarted: net.thucydides.core.steps.ExecutedStepDescription@713eaa9f
[Test worker] WARN net.thucydides.core.steps.BaseStepListener - stepFinished: current outcome::Given than Yaiseth wants to registration in the Automation Demo Site page [Yaiseth open up [Yaiseth opens the Automation demo site page]], When fills in all requested fields [Yaiseth login on demo [Yaiseth clicks on button skip login section]]
[Test worker] WARN net.thucydides.core.steps.BaseStepListener - stepStarted: net.thucydides.core.steps.ExecutedStepDescription@27d15d7a
[Test worker] WARN net.thucydides.core.steps.BaseStepListener - stepFinished: current outcome::Given than Yaiseth wants to registration in the Automation Demo Site page [Yaiseth open up [Yaiseth opens the Automation demo site page]], When fills in all requested fields [Yaiseth login on demo [Yaiseth clicks on button skip login section, Yaiseth enters 'Yaiseth' into Insert Name]]
[Test worker] WARN net.thucydides.core.steps.BaseStepListener - stepStarted: net.thucydides.core.steps.ExecutedStepDescription@1959c7b6
[Test worker] WARN net.thucydides.core.steps.BaseStepListener - stepFinished: current outcome::Given than Yaiseth wants to registration in the Automation Demo Site page [Yaiseth open up [Yaiseth opens the Automation demo site page]], When fills in all requested fields [Yaiseth login on demo [Yaiseth clicks on button skip login section, Yaiseth enters 'Yaiseth' into Insert Name, Yaiseth enters 'Palacio' into Insert LastName]]
[Test worker] WARN net.thucydides.core.steps.BaseStepListener - stepStarted: net.thucydides.core.steps.ExecutedStepDescription@509d60cd
[Test worker] WARN net.thucydides.core.steps.BaseStepListener - stepFinished: current outcome::Given than Yaiseth wants to registration in the Automation Demo Site page [Yaiseth open up [Yaiseth opens the Automation demo site page]], When fills in all requested fields [Yaiseth login on demo [Yaiseth clicks on button skip login section, Yaiseth enters 'Yaiseth' into Insert Name, Yaiseth enters 'Palacio' into Insert LastName, Yaiseth enters 'Panama Oeste' into Insert your Address]]
[Test worker] WARN net.thucydides.core.steps.BaseStepListener - stepStarted: net.thucydides.core.steps.ExecutedStepDescription@1aa7402a
[Test worker] WARN net.thucydides.core.steps.BaseStepListener - stepFinished: current outcome::Given than Yaiseth wants to registration in the Automation Demo Site page [Yaiseth open up [Yaiseth opens the Automation demo site page]], When fills in all requested fields [Yaiseth login on demo [Yaiseth clicks on button skip login section, Yaiseth enters 'Yaiseth' into Insert Name, Yaiseth enters 'Palacio' into Insert LastName, Yaiseth enters 'Panama Oeste' into Insert your Address, Yaiseth enters 'yaisethpalacio@gmail.com' into write email]]
[Test worker] WARN net.thucydides.core.steps.BaseStepListener - stepStarted: net.thucydides.core.steps.ExecutedStepDescription@3368bb3e
[Test worker] WARN net.thucydides.core.steps.BaseStepListener - stepFinished: current outcome::Given than Yaiseth wants to registration in the Automation Demo Site page [Yaiseth open up [Yaiseth opens the Automation demo site page]], When fills in all requested fields [Yaiseth login on demo [Yaiseth clicks on button skip login section, Yaiseth enters 'Yaiseth' into Insert Name, Yaiseth enters 'Palacio' into Insert LastName, Yaiseth enters 'Panama Oeste' into Insert your Address, Yaiseth enters 'yaisethpalacio@gmail.com' into write email, Yaiseth enters '7739600726' into Insert the phone number]]
[Test worker] WARN net.thucydides.core.steps.BaseStepListener - stepStarted: net.thucydides.core.steps.ExecutedStepDescription@14ab0499
[Test worker] WARN net.thucydides.core.steps.BaseStepListener - stepFinished: current outcome::Given than Yaiseth wants to registration in the Automation Demo Site page [Yaiseth open up [Yaiseth opens the Automation demo site page]], When fills in all requested fields [Yaiseth login on demo [Yaiseth clicks on button skip login section, Yaiseth enters 'Yaiseth' into Insert Name, Yaiseth enters 'Palacio' into Insert LastName, Yaiseth enters 'Panama Oeste' into Insert your Address, Yaiseth enters 'yaisethpalacio@gmail.com' into write email, Yaiseth enters '7739600726' into Insert the phone number, Yaiseth clicks on Select gender]]
[Test worker] WARN net.thucydides.core.steps.BaseStepListener - stepStarted: net.thucydides.core.steps.ExecutedStepDescription@5844fff4
[Test worker] WARN net.thucydides.core.steps.BaseStepListener - stepFinished: current outcome::Given than Yaiseth wants to registration in the Automation Demo Site page [Yaiseth open up [Yaiseth opens the Automation demo site page]], When fills in all requested fields [Yaiseth login on demo [Yaiseth clicks on button skip login section, Yaiseth enters 'Yaiseth' into Insert Name, Yaiseth enters 'Palacio' into Insert LastName, Yaiseth enters 'Panama Oeste' into Insert your Address, Yaiseth enters 'yaisethpalacio@gmail.com' into write email, Yaiseth enters '7739600726' into Insert the phone number, Yaiseth clicks on Select gender, Yaiseth clicks on Click to skill drop]]
[Test worker] WARN net.thucydides.core.steps.BaseStepListener - stepStarted: net.thucydides.core.steps.ExecutedStepDescription@7fcb42c4
[Test worker] WARN net.thucydides.core.steps.BaseStepListener - stepFinished: current outcome::Given than Yaiseth wants to registration in the Automation Demo Site page [Yaiseth open up [Yaiseth opens the Automation demo site page]], When fills in all requested fields [Yaiseth login on demo [Yaiseth clicks on button skip login section, Yaiseth enters 'Yaiseth' into Insert Name, Yaiseth enters 'Palacio' into Insert LastName, Yaiseth enters 'Panama Oeste' into Insert your Address, Yaiseth enters 'yaisethpalacio@gmail.com' into write email, Yaiseth enters '7739600726' into Insert the phone number, Yaiseth clicks on Select gender, Yaiseth clicks on Click to skill drop, Yaiseth clicks on Select Skill]]
[Test worker] WARN net.thucydides.core.steps.BaseStepListener - stepStarted: net.thucydides.core.steps.ExecutedStepDescription@5776d893
[Test worker] WARN net.thucydides.core.steps.BaseStepListener - stepFinished: current outcome::Given than Yaiseth wants to registration in the Automation Demo Site page [Yaiseth open up [Yaiseth opens the Automation demo site page]], When fills in all requested fields [Yaiseth login on demo [Yaiseth clicks on button skip login section, Yaiseth enters 'Yaiseth' into Insert Name, Yaiseth enters 'Palacio' into Insert LastName, Yaiseth enters 'Panama Oeste' into Insert your Address, Yaiseth enters 'yaisethpalacio@gmail.com' into write email, Yaiseth enters '7739600726' into Insert the phone number, Yaiseth clicks on Select gender, Yaiseth clicks on Click to skill drop, Yaiseth clicks on Select Skill, Yaiseth clicks on Click to Country drop]]
[Test worker] WARN net.thucydides.core.steps.BaseStepListener - stepStarted: net.thucydides.core.steps.ExecutedStepDescription@24e0ca3e
[Test worker] WARN net.thucydides.core.steps.BaseStepListener - stepFinished: current outcome::Given than Yaiseth wants to registration in the Automation Demo Site page [Yaiseth open up [Yaiseth opens the Automation demo site page]], When fills in all requested fields [Yaiseth login on demo [Yaiseth clicks on button skip login section, Yaiseth enters 'Yaiseth' into Insert Name, Yaiseth enters 'Palacio' into Insert LastName, Yaiseth enters 'Panama Oeste' into Insert your Address, Yaiseth enters 'yaisethpalacio@gmail.com' into write email, Yaiseth enters '7739600726' into Insert the phone number, Yaiseth clicks on Select gender, Yaiseth clicks on Click to skill drop, Yaiseth clicks on Select Skill, Yaiseth clicks on Click to Country drop, Yaiseth enters 'United States of America' into Select Country]]
[Test worker] WARN net.thucydides.core.steps.BaseStepListener - stepStarted: net.thucydides.core.steps.ExecutedStepDescription@5fdc593
[Test worker] WARN net.thucydides.core.steps.BaseStepListener - stepFinished: current outcome::Given than Yaiseth wants to registration in the Automation Demo Site page [Yaiseth open up [Yaiseth opens the Automation demo site page]], When fills in all requested fields [Yaiseth login on demo [Yaiseth clicks on button skip login section, Yaiseth enters 'Yaiseth' into Insert Name, Yaiseth enters 'Palacio' into Insert LastName, Yaiseth enters 'Panama Oeste' into Insert your Address, Yaiseth enters 'yaisethpalacio@gmail.com' into write email, Yaiseth enters '7739600726' into Insert the phone number, Yaiseth clicks on Select gender, Yaiseth clicks on Click to skill drop, Yaiseth clicks on Select Skill, Yaiseth clicks on Click to Country drop, Yaiseth enters 'United States of America' into Select Country, Yaiseth clicks on Select]]
[Test worker] WARN net.thucydides.core.steps.BaseStepListener - stepStarted: net.thucydides.core.steps.ExecutedStepDescription@32447289
[Test worker] WARN net.thucydides.core.steps.BaseStepListener - stepFinished: current outcome::Given than Yaiseth wants to registration in the Automation Demo Site page [Yaiseth open up [Yaiseth opens the Automation demo site page]], When fills in all requested fields [Yaiseth login on demo [Yaiseth clicks on button skip login section, Yaiseth enters 'Yaiseth' into Insert Name, Yaiseth enters 'Palacio' into Insert LastName, Yaiseth enters 'Panama Oeste' into Insert your Address, Yaiseth enters 'yaisethpalacio@gmail.com' into write email, Yaiseth enters '7739600726' into Insert the phone number, Yaiseth clicks on Select gender, Yaiseth clicks on Click to skill drop, Yaiseth clicks on Select Skill, Yaiseth clicks on Click to Country drop, Yaiseth enters 'United States of America' into Select Country, Yaiseth clicks on Select, Yaiseth selects 1994 in Select his year of birth]]
[Test worker] WARN net.thucydides.core.steps.BaseStepListener - stepStarted: net.thucydides.core.steps.ExecutedStepDescription@65997269
[Test worker] WARN net.thucydides.core.steps.BaseStepListener - stepFinished: current outcome::Given than Yaiseth wants to registration in the Automation Demo Site page [Yaiseth open up [Yaiseth opens the Automation demo site page]], When fills in all requested fields [Yaiseth login on demo [Yaiseth clicks on button skip login section, Yaiseth enters 'Yaiseth' into Insert Name, Yaiseth enters 'Palacio' into Insert LastName, Yaiseth enters 'Panama Oeste' into Insert your Address, Yaiseth enters 'yaisethpalacio@gmail.com' into write email, Yaiseth enters '7739600726' into Insert the phone number, Yaiseth clicks on Select gender, Yaiseth clicks on Click to skill drop, Yaiseth clicks on Select Skill, Yaiseth clicks on Click to Country drop, Yaiseth enters 'United States of America' into Select Country, Yaiseth clicks on Select, Yaiseth selects 1994 in Select his year of birth, Yaiseth clicks on Select drop Month]]
[Test worker] WARN net.thucydides.core.steps.BaseStepListener - stepStarted: net.thucydides.core.steps.ExecutedStepDescription@58d92ea0
[Test worker] WARN net.thucydides.core.steps.BaseStepListener - stepFinished: current outcome::Given than Yaiseth wants to registration in the Automation Demo Site page [Yaiseth open up [Yaiseth opens the Automation demo site page]], When fills in all requested fields [Yaiseth login on demo [Yaiseth clicks on button skip login section, Yaiseth enters 'Yaiseth' into Insert Name, Yaiseth enters 'Palacio' into Insert LastName, Yaiseth enters 'Panama Oeste' into Insert your Address, Yaiseth enters 'yaisethpalacio@gmail.com' into write email, Yaiseth enters '7739600726' into Insert the phone number, Yaiseth clicks on Select gender, Yaiseth clicks on Click to skill drop, Yaiseth clicks on Select Skill, Yaiseth clicks on Click to Country drop, Yaiseth enters 'United States of America' into Select Country, Yaiseth clicks on Select, Yaiseth selects 1994 in Select his year of birth, Yaiseth clicks on Select drop Month, Yaiseth clicks on Select his birthday day]]
[Test worker] WARN net.thucydides.core.steps.BaseStepListener - stepStarted: net.thucydides.core.steps.ExecutedStepDescription@4e6668e1
[Test worker] WARN net.thucydides.core.steps.BaseStepListener - stepFinished: current outcome::Given than Yaiseth wants to registration in the Automation Demo Site page [Yaiseth open up [Yaiseth opens the Automation demo site page]], When fills in all requested fields [Yaiseth login on demo [Yaiseth clicks on button skip login section, Yaiseth enters 'Yaiseth' into Insert Name, Yaiseth enters 'Palacio' into Insert LastName, Yaiseth enters 'Panama Oeste' into Insert your Address, Yaiseth enters 'yaisethpalacio@gmail.com' into write email, Yaiseth enters '7739600726' into Insert the phone number, Yaiseth clicks on Select gender, Yaiseth clicks on Click to skill drop, Yaiseth clicks on Select Skill, Yaiseth clicks on Click to Country drop, Yaiseth enters 'United States of America' into Select Country, Yaiseth clicks on Select, Yaiseth selects 1994 in Select his year of birth, Yaiseth clicks on Select drop Month, Yaiseth clicks on Select his birthday day, Yaiseth clicks on Write his password]]
[Test worker] WARN net.thucydides.core.steps.BaseStepListener - stepStarted: net.thucydides.core.steps.ExecutedStepDescription@45ed11f0
[Test worker] WARN net.thucydides.core.steps.BaseStepListener - stepFinished: current outcome::Given than Yaiseth wants to registration in the Automation Demo Site page [Yaiseth open up [Yaiseth opens the Automation demo site page]], When fills in all requested fields [Yaiseth login on demo [Yaiseth clicks on button skip login section, Yaiseth enters 'Yaiseth' into Insert Name, Yaiseth enters 'Palacio' into Insert LastName, Yaiseth enters 'Panama Oeste' into Insert your Address, Yaiseth enters 'yaisethpalacio@gmail.com' into write email, Yaiseth enters '7739600726' into Insert the phone number, Yaiseth clicks on Select gender, Yaiseth clicks on Click to skill drop, Yaiseth clicks on Select Skill, Yaiseth clicks on Click to Country drop, Yaiseth enters 'United States of America' into Select Country, Yaiseth clicks on Select, Yaiseth selects 1994 in Select his year of birth, Yaiseth clicks on Select drop Month, Yaiseth clicks on Select his birthday day, Yaiseth clicks on Write his password, Yaiseth enters 'Abcd1234' into Write his password]]
[Test worker] WARN net.thucydides.core.steps.BaseStepListener - stepStarted: net.thucydides.core.steps.ExecutedStepDescription@25436f9b
[Test worker] WARN net.thucydides.core.steps.BaseStepListener - stepFinished: current outcome::Given than Yaiseth wants to registration in the Automation Demo Site page [Yaiseth open up [Yaiseth opens the Automation demo site page]], When fills in all requested fields [Yaiseth login on demo [Yaiseth clicks on button skip login section, Yaiseth enters 'Yaiseth' into Insert Name, Yaiseth enters 'Palacio' into Insert LastName, Yaiseth enters 'Panama Oeste' into Insert your Address, Yaiseth enters 'yaisethpalacio@gmail.com' into write email, Yaiseth enters '7739600726' into Insert the phone number, Yaiseth clicks on Select gender, Yaiseth clicks on Click to skill drop, Yaiseth clicks on Select Skill, Yaiseth clicks on Click to Country drop, Yaiseth enters 'United States of America' into Select Country, Yaiseth clicks on Select, Yaiseth selects 1994 in Select his year of birth, Yaiseth clicks on Select drop Month, Yaiseth clicks on Select his birthday day, Yaiseth clicks on Write his password, Yaiseth enters 'Abcd1234' into Write his password, Yaiseth enters 'Abcd1234' into Write his password again]]
[Test worker] WARN net.thucydides.core.steps.BaseStepListener - stepStarted: net.thucydides.core.steps.ExecutedStepDescription@672d929d
[Test worker] WARN net.thucydides.core.steps.BaseStepListener - stepFinished: current outcome::Given than Yaiseth wants to registration in the Automation Demo Site page [Yaiseth open up [Yaiseth opens the Automation demo site page]], When fills in all requested fields [Yaiseth login on demo [Yaiseth clicks on button skip login section, Yaiseth enters 'Yaiseth' into Insert Name, Yaiseth enters 'Palacio' into Insert LastName, Yaiseth enters 'Panama Oeste' into Insert your Address, Yaiseth enters 'yaisethpalacio@gmail.com' into write email, Yaiseth enters '7739600726' into Insert the phone number, Yaiseth clicks on Select gender, Yaiseth clicks on Click to skill drop, Yaiseth clicks on Select Skill, Yaiseth clicks on Click to Country drop, Yaiseth enters 'United States of America' into Select Country, Yaiseth clicks on Select, Yaiseth selects 1994 in Select his year of birth, Yaiseth clicks on Select drop Month, Yaiseth clicks on Select his birthday day, Yaiseth clicks on Write his password, Yaiseth enters 'Abcd1234' into Write his password, Yaiseth enters 'Abcd1234' into Write his password again, Yaiseth clicks on button submit register]]
[Test worker] WARN net.thucydides.core.steps.BaseStepListener - stepFinished: current outcome::Given than Yaiseth wants to registration in the Automation Demo Site page [Yaiseth open up [Yaiseth opens the Automation demo site page]], When fills in all requested fields [Yaiseth login on demo [Yaiseth clicks on button skip login section, Yaiseth enters 'Yaiseth' into Insert Name, Yaiseth enters 'Palacio' into Insert LastName, Yaiseth enters 'Panama Oeste' into Insert your Address, Yaiseth enters 'yaisethpalacio@gmail.com' into write email, Yaiseth enters '7739600726' into Insert the phone number, Yaiseth clicks on Select gender, Yaiseth clicks on Click to skill drop, Yaiseth clicks on Select Skill, Yaiseth clicks on Click to Country drop, Yaiseth enters 'United States of America' into Select Country, Yaiseth clicks on Select, Yaiseth selects 1994 in Select his year of birth, Yaiseth clicks on Select drop Month, Yaiseth clicks on Select his birthday day, Yaiseth clicks on Write his password, Yaiseth enters 'Abcd1234' into Write his password, Yaiseth enters 'Abcd1234' into Write his password again, Yaiseth clicks on button submit register]]
[Test worker] WARN net.thucydides.core.steps.BaseStepListener - stepFinished: current outcome::Given than Yaiseth wants to registration in the Automation Demo Site page [Yaiseth open up [Yaiseth opens the Automation demo site page]], When fills in all requested fields [Yaiseth login on demo [Yaiseth clicks on button skip login section, Yaiseth enters 'Yaiseth' into Insert Name, Yaiseth enters 'Palacio' into Insert LastName, Yaiseth enters 'Panama Oeste' into Insert your Address, Yaiseth enters 'yaisethpalacio@gmail.com' into write email, Yaiseth enters '7739600726' into Insert the phone number, Yaiseth clicks on Select gender, Yaiseth clicks on Click to skill drop, Yaiseth clicks on Select Skill, Yaiseth clicks on Click to Country drop, Yaiseth enters 'United States of America' into Select Country, Yaiseth clicks on Select, Yaiseth selects 1994 in Select his year of birth, Yaiseth clicks on Select drop Month, Yaiseth clicks on Select his birthday day, Yaiseth clicks on Write his password, Yaiseth enters 'Abcd1234' into Write his password, Yaiseth enters 'Abcd1234' into Write his password again, Yaiseth clicks on button submit register]]
[Test worker] WARN net.thucydides.core.steps.BaseStepListener - stepStarted: net.thucydides.core.steps.ExecutedStepDescription@7b31ecd5
[Test worker] WARN net.thucydides.core.steps.BaseStepListener - stepStarted: net.thucydides.core.steps.ExecutedStepDescription@62e163ad
[Test worker] WARN net.thucydides.core.steps.BaseStepListener - testFinished: :Given than Yaiseth wants to registration in the Automation Demo Site page [Yaiseth open up [Yaiseth opens the Automation demo site page]], When fills in all requested fields [Yaiseth login on demo [Yaiseth clicks on button skip login section, Yaiseth enters 'Yaiseth' into Insert Name, Yaiseth enters 'Palacio' into Insert LastName, Yaiseth enters 'Panama Oeste' into Insert your Address, Yaiseth enters 'yaisethpalacio@gmail.com' into write email, Yaiseth enters '7739600726' into Insert the phone number, Yaiseth clicks on Select gender, Yaiseth clicks on Click to skill drop, Yaiseth clicks on Select Skill, Yaiseth clicks on Click to Country drop, Yaiseth enters 'United States of America' into Select Country, Yaiseth clicks on Select, Yaiseth selects 1994 in Select his year of birth, Yaiseth clicks on Select drop Month, Yaiseth clicks on Select his birthday day, Yaiseth clicks on Write his password, Yaiseth enters 'Abcd1234' into Write his password, Yaiseth enters 'Abcd1234' into Write his password again, Yaiseth clicks on button submit register]], Then complete all the field [Then answer]
[Test worker] WARN net.thucydides.core.steps.BaseStepListener - TestOutcomes: [:Given than Yaiseth wants to registration in the Automation Demo Site page [Yaiseth open up [Yaiseth opens the Automation demo site page]], When fills in all requested fields [Yaiseth login on demo [Yaiseth clicks on button skip login section, Yaiseth enters 'Yaiseth' into Insert Name, Yaiseth enters 'Palacio' into Insert LastName, Yaiseth enters 'Panama Oeste' into Insert your Address, Yaiseth enters 'yaisethpalacio@gmail.com' into write email, Yaiseth enters '7739600726' into Insert the phone number, Yaiseth clicks on Select gender, Yaiseth clicks on Click to skill drop, Yaiseth clicks on Select Skill, Yaiseth clicks on Click to Country drop, Yaiseth enters 'United States of America' into Select Country, Yaiseth clicks on Select, Yaiseth selects 1994 in Select his year of birth, Yaiseth clicks on Select drop Month, Yaiseth clicks on Select his birthday day, Yaiseth clicks on Write his password, Yaiseth enters 'Abcd1234' into Write his password, Yaiseth enters 'Abcd1234' into Write his password again, Yaiseth clicks on button submit register]], Then complete all the field [Then answer]]
[Test worker] WARN net.thucydides.core.steps.BaseStepListener - Final testOutcomes: [:Given than Yaiseth wants to registration in the Automation Demo Site page [Yaiseth open up [Yaiseth opens the Automation demo site page]], When fills in all requested fields [Yaiseth login on demo [Yaiseth clicks on button skip login section, Yaiseth enters 'Yaiseth' into Insert Name, Yaiseth enters 'Palacio' into Insert LastName, Yaiseth enters 'Panama Oeste' into Insert your Address, Yaiseth enters 'yaisethpalacio@gmail.com' into write email, Yaiseth enters '7739600726' into Insert the phone number, Yaiseth clicks on Select gender, Yaiseth clicks on Click to skill drop, Yaiseth clicks on Select Skill, Yaiseth clicks on Click to Country drop, Yaiseth enters 'United States of America' into Select Country, Yaiseth clicks on Select, Yaiseth selects 1994 in Select his year of birth, Yaiseth clicks on Select drop Month, Yaiseth clicks on Select his birthday day, Yaiseth clicks on Write his password, Yaiseth enters 'Abcd1234' into Write his password, Yaiseth enters 'Abcd1234' into Write his password again, Yaiseth clicks on button submit register]], Then complete all the field [Then answer]]
[Test worker] ERROR net.thucydides.core.steps.ConsoleLoggingListener - 
           __  _____ _____ ____ _____   _____ _    ___ _     _____ ____  
  _       / / |_   _| ____/ ___|_   _| |  ___/ \  |_ _| |   | ____|  _ \ 
 (_)_____| |    | | |  _| \___ \ | |   | |_ / _ \  | || |   |  _| | | | |
  _|_____| |    | | | |___ ___) || |   |  _/ ___ \ | || |___| |___| |_| |
 (_)     | |    |_| |_____|____/ |_|   |_|/_/   \_\___|_____|_____|____/ 
          \_\                                                            

TEST FAILED WITH ERROR: 
---------------------------------------------------------------------
[Test worker] ERROR net.thucydides.core.steps.ConsoleLoggingListener - TEST FAILED AT STEP Then answer
[Test worker] ERROR net.thucydides.core.steps.ConsoleLoggingListener - Cannot locate an element using css selector=Verify step
]]></system-err>
</testsuite>
